[2023-01-10T21:09:00.733] [ERROR] default - Test Error
[2023-01-10T21:09:26.141] [ERROR] default - Test Error
[2023-01-10T21:27:04.312] [ERROR] default - Test Error
[2023-01-24T19:00:21.250] [ERROR] default - Error: listen EADDRINUSE: address already in use :::8080
    at Server.setupListenHandle [as _listen2] (node:net:1432:16)
    at listenInCluster (node:net:1480:12)
    at Server.listen (node:net:1568:7)
    at Function.listen (F:\Workspace\CoderBack\Entregas\16 - Mejorar Arquitectura\node_modules\express\lib\application.js:635:24)
    at Object.<anonymous> (F:\Workspace\CoderBack\Entregas\16 - Mejorar Arquitectura\server.js:116:24)
    at Module._compile (node:internal/modules/cjs/loader:1120:14)
    at Module._extensions..js (node:internal/modules/cjs/loader:1174:10)
    at Module.load (node:internal/modules/cjs/loader:998:32)
    at Module._load (node:internal/modules/cjs/loader:839:12)
    at Function.executeUserEntryPoint [as runMain] (node:internal/modules/run_main:81:12) {
  code: 'EADDRINUSE',
  errno: -4091,
  syscall: 'listen',
  address: '::',
  port: 8080
}
[2023-01-24T19:36:32.721] [ERROR] default -  ATENCION: El método archivo para "USERS" no está implementado. Por lo que se ejecutará por defecto la persistencia en MongoDB. 
